C51 COMPILER V9.60.0.0   NIXIE_TUBE                                                        06/24/2020 12:09:09 PAGE 1   


C51 COMPILER V9.60.0.0, COMPILATION OF MODULE NIXIE_TUBE
OBJECT MODULE PLACED IN .\Objects\nixie_tube.obj
COMPILER INVOKED BY: D:\keil_c51\C51\BIN\C51.EXE lib\nixie_tube.c OPTIMIZE(8,SPEED) BROWSE INCDIR(.\e2;.\lib) DEBUG OBJE
                    -CTEXTEND PRINT(.\Listings\nixie_tube.lst) TABS(2) OBJECT(.\Objects\nixie_tube.obj)

line level    source

   1          #include <nixietube.h>
*** WARNING C318 IN LINE 1 OF lib\nixie_tube.c: can't open file 'nixietube.h'
   2          #include <STC15F2K60S2.h>
   3          
   4          sbit P2_5=P2^5;
   5          sbit P2_6=P2^6;
   6          sbit P2_7=P2^7;
   7          
   8          void delay_ms(unsigned int t)   //@11.0592MHz
   9          { 
  10   1        unsigned int z;
  11   1        unsigned char i, j;
  12   1        for(z=0;z<t;z++){
  13   2          i = 15;
  14   2          j = 90;
  15   2          do
  16   2          {
  17   3            while (--j);
  18   3          } while (--i);  
  19   2        }
  20   1      }
  21          
  22          void display(unsigned char inn,unsigned char bit_){ //ä½ç æ®µç æ•´åˆåŽç‰ˆæœ¬
  23   1        P2_5=1;//y7
  24   1        P2_6=1;
  25   1        P2_7=1;
  26   1        switch(inn){//ä½ç 
  27   2          //ä»¥ä¸‹ä¸ºä¸å¸¦å°æ•°ç‚¹
  28   2          case 0:P0=0xc0;break;
  29   2          case 1:P0=0xf9;break;
  30   2          case 2:P0=0xa4;break;
  31   2          case 3:P0=0xb0;break;
  32   2          case 4:P0=0x99;break;
  33   2          case 5:P0=0x92;break;
  34   2          case 6:P0=0x82;break;
  35   2          case 7:P0=0xf8;break;
  36   2          case 8:P0=0x80;break;
  37   2          case 9:P0=0x90;break;
  38   2          default:P0=0xff;break;  //é»˜è®¤å…¨ç­
  39   2        }
  40   1        P2_5=0; //y6
  41   1        P2_6=1;
  42   1        P2_7=1;
  43   1        switch(bit_){//æ®µç 
  44   2          case 8:P0=0x01;break;
  45   2          case 7:P0=0x02;break;
  46   2          case 6:P0=0x04;break;
  47   2          case 5:P0=0x08;break;
  48   2          case 4:P0=0x10;break;
  49   2          case 3:P0=0x20;break;
  50   2          case 2:P0=0x40;break;
  51   2          case 1:P0=0x80;break;
  52   2          default:P0=0;break;
  53   2        }
C51 COMPILER V9.60.0.0   NIXIE_TUBE                                                        06/24/2020 12:09:09 PAGE 2   

  54   1        delay_ms(1);
  55   1      }
  56          
  57          void all_digital_tube_display(unsigned long number){//æ•°ç ç®¡æŽ§åˆ¶,è¿™ä¼ å…¥æ•°æ®å¾—ç”¨longï¼Œä¸ç„¶æ˜
             -¾ç¤ºä¸äº†8ä½ï¼Œç„¶è€Œç”¨äº†longåŽå´æ— æ³•æ­£å¸¸æ˜¾ç¤ºï¼ˆåŒ…æ‹¬ä¹‹å‰int èƒ½æ˜¾ç¤ºçš„ï¼‰ï¼ŒåŠ äº†å¼ºåˆ¶ç±»åž‹è½¬æ¢ä¹
             -Ÿæ˜¯
  58   1        display( (number/10000000),8);
  59   1        display(((number%10000000)/1000000),7);
  60   1        display(((number%1000000)/100000),6);
  61   1        display(((number%100000)/10000),5);
  62   1        display(((number%10000)/1000),4);
  63   1        display(((number%1000)/100),3);
  64   1        display(((number%100)/10),2);
  65   1        display( (number%10),1);
  66   1      }


MODULE INFORMATION:   STATIC OVERLAYABLE
   CODE SIZE        =    525    ----
   CONSTANT SIZE    =   ----    ----
   XDATA SIZE       =   ----    ----
   PDATA SIZE       =   ----    ----
   DATA SIZE        =   ----       4
   IDATA SIZE       =   ----    ----
   BIT SIZE         =   ----    ----
END OF MODULE INFORMATION.


C51 COMPILATION COMPLETE.  1 WARNING(S),  0 ERROR(S)
